---------- Date: 2016-03-30 04:21:36 ~ IP : 192.168.1.31 ----------
REQUEST URI : /ytc_templates/opencart/so_lovefashion/layout2/
MOD DETAILS:
   modFile   : D:\xampp\htdocs\ytc_templates\opencart\so_lovefashion\vqmod/xml/quicksignup.xml
   id        : 
   version   : 2x
   vqmver    : 
   author    : Webmedialdh

File Name    : catalog/view/theme/*/template/common/header.tpl(0)
VQModObject::applyMod - SEARCH NOT FOUND (ABORTING MOD): <li class="quick-login">
----------------------------------------------------------------------


---------- Date: 2016-03-30 06:19:34 ~ IP : 192.168.1.31 ----------
REQUEST URI : /ytc_templates/opencart/so_lovefashion/layout2/
MOD DETAILS:
   modFile   : D:\xampp\htdocs\ytc_templates\opencart\so_lovefashion\vqmod/xml/quicksignup.xml
   id        : 
   version   : 2x
   vqmver    : 
   author    : Webmedialdh

File Name    : catalog/view/theme/*/template/common/header.tpl(0)
VQModObject::applyMod - SEARCH NOT FOUND (ABORTING MOD): <li class="quick-login">
----------------------------------------------------------------------


---------- Date: 2016-03-30 06:45:08 ~ IP : 192.168.1.31 ----------
REQUEST URI : /ytc_templates/opencart/so_lovefashion/layout2/index.php?route=account/logout
MOD DETAILS:
   modFile   : D:\xampp\htdocs\ytc_templates\opencart\so_lovefashion\vqmod/xml/quicksignup.xml
   id        : 
   version   : 2x
   vqmver    : 
   author    : Webmedialdh

File Name    : catalog/view/theme/*/template/common/header.tpl(0)
VQModObject::applyMod - SEARCH NOT FOUND (ABORTING MOD): <li class="quick-login">
----------------------------------------------------------------------


---------- Date: 2016-03-30 06:46:42 ~ IP : 192.168.1.31 ----------
REQUEST URI : /ytc_templates/opencart/so_lovefashion/layout2/index.php?route=account/logout
MOD DETAILS:
   modFile   : D:\xampp\htdocs\ytc_templates\opencart\so_lovefashion\vqmod/xml/quicksignup.xml
   id        : 
   version   : 2x
   vqmver    : 
   author    : Webmedialdh

File Name    : catalog/view/theme/*/template/common/header.tpl(0)
VQModObject::applyMod - SEARCH NOT FOUND (ABORTING MOD): <li class="quick-login">
----------------------------------------------------------------------


