---------- Date: 2016-03-31 08:54:53 ~ IP : 192.168.1.49 ----------
REQUEST URI : /ytc_templates/opencart/so_lovefashion/
MOD DETAILS:
   modFile   : D:\xampp\htdocs\ytc_templates\opencart\so_lovefashion\vqmod/xml/cookie_low.xml
   id        : EU Cookie Law - top, bottom, floating
   version   : 
   vqmver    : 2.X
   author    : arveo
VQModObject::parseMods - Could not resolve path for [catalog/language/hungarian/common/footer.php] (SKIPPED)
VQModObject::parseMods - Could not resolve path for [admin/language/hungarian/setting/setting.php] (SKIPPED)

----------------------------------------------------------------------


---------- Date: 2016-03-31 08:56:01 ~ IP : 192.168.1.49 ----------
REQUEST URI : /ytc_templates/opencart/so_lovefashion/
MOD DETAILS:
   modFile   : D:\xampp\htdocs\ytc_templates\opencart\so_lovefashion\vqmod/xml/cookie_low.xml
   id        : EU Cookie Law - top, bottom, floating
   version   : 
   vqmver    : 2.X
   author    : arveo
VQModObject::parseMods - Could not resolve path for [catalog/language/hungarian/common/footer.php] (SKIPPED)
VQModObject::parseMods - Could not resolve path for [admin/language/hungarian/setting/setting.php] (SKIPPED)

----------------------------------------------------------------------


---------- Date: 2016-03-31 08:58:24 ~ IP : 192.168.1.49 ----------
REQUEST URI : /ytc_templates/opencart/so_lovefashion/
MOD DETAILS:
   modFile   : D:\xampp\htdocs\ytc_templates\opencart\so_lovefashion\vqmod/xml/cookie_low.xml
   id        : EU Cookie Law - top, bottom, floating
   version   : 
   vqmver    : 2.X
   author    : arveo
VQModObject::parseMods - Could not resolve path for [catalog/language/hungarian/common/footer.php] (SKIPPED)
VQModObject::parseMods - Could not resolve path for [admin/language/hungarian/setting/setting.php] (SKIPPED)

----------------------------------------------------------------------


---------- Date: 2016-03-31 08:58:56 ~ IP : 192.168.1.49 ----------
REQUEST URI : /ytc_templates/opencart/so_lovefashion/
MOD DETAILS:
   modFile   : D:\xampp\htdocs\ytc_templates\opencart\so_lovefashion\vqmod/xml/cookie_low.xml
   id        : EU Cookie Law - top, bottom, floating
   version   : 
   vqmver    : 2.X
   author    : arveo
VQModObject::parseMods - Could not resolve path for [catalog/language/hungarian/common/footer.php] (SKIPPED)
VQModObject::parseMods - Could not resolve path for [admin/language/hungarian/setting/setting.php] (SKIPPED)

----------------------------------------------------------------------


---------- Date: 2016-03-31 08:59:38 ~ IP : 192.168.1.49 ----------
REQUEST URI : /ytc_templates/opencart/so_lovefashion/
MOD DETAILS:
   modFile   : D:\xampp\htdocs\ytc_templates\opencart\so_lovefashion\vqmod/xml/cookie_low.xml
   id        : EU Cookie Law - top, bottom, floating
   version   : 
   vqmver    : 2.X
   author    : arveo
VQModObject::parseMods - Could not resolve path for [catalog/language/hungarian/common/footer.php] (SKIPPED)
VQModObject::parseMods - Could not resolve path for [admin/language/hungarian/setting/setting.php] (SKIPPED)

----------------------------------------------------------------------


---------- Date: 2016-03-31 08:59:55 ~ IP : 192.168.1.49 ----------
REQUEST URI : /ytc_templates/opencart/so_lovefashion/
MOD DETAILS:
   modFile   : D:\xampp\htdocs\ytc_templates\opencart\so_lovefashion\vqmod/xml/cookie_low.xml
   id        : EU Cookie Law - top, bottom, floating
   version   : 
   vqmver    : 2.X
   author    : arveo
VQModObject::parseMods - Could not resolve path for [catalog/language/hungarian/common/footer.php] (SKIPPED)
VQModObject::parseMods - Could not resolve path for [admin/language/hungarian/setting/setting.php] (SKIPPED)

----------------------------------------------------------------------


---------- Date: 2016-03-31 09:01:46 ~ IP : 192.168.1.49 ----------
REQUEST URI : /ytc_templates/opencart/so_lovefashion/
MOD DETAILS:
   modFile   : D:\xampp\htdocs\ytc_templates\opencart\so_lovefashion\vqmod/xml/cookie_low.xml
   id        : EU Cookie Law - top, bottom, floating
   version   : 
   vqmver    : 2.X
   author    : arveo
VQModObject::parseMods - Could not resolve path for [catalog/language/hungarian/common/footer.php] (SKIPPED)
VQModObject::parseMods - Could not resolve path for [admin/language/hungarian/setting/setting.php] (SKIPPED)

----------------------------------------------------------------------


---------- Date: 2016-03-31 10:36:04 ~ IP : 192.168.1.49 ----------
REQUEST URI : /ytc_templates/opencart/so_lovefashion/layout2/
MOD DETAILS:
   modFile   : D:\xampp\htdocs\ytc_templates\opencart\so_lovefashion\vqmod/xml/quicksignup.xml
   id        : 
   version   : 2x
   vqmver    : 
   author    : Webmedialdh

File Name    : catalog/view/theme/*/template/common/header.tpl(0)
VQModObject::applyMod - SEARCH NOT FOUND (ABORTING MOD): <li class="quick-login">
----------------------------------------------------------------------


---------- Date: 2016-03-31 10:51:19 ~ IP : 192.168.1.49 ----------
REQUEST URI : /ytc_templates/opencart/so_lovefashion/layout2/
MOD DETAILS:
   modFile   : D:\xampp\htdocs\ytc_templates\opencart\so_lovefashion\vqmod/xml/quicksignup.xml
   id        : 
   version   : 2x
   vqmver    : 
   author    : Webmedialdh

File Name    : catalog/view/theme/*/template/common/header.tpl(0)
VQModObject::applyMod - SEARCH NOT FOUND (ABORTING MOD): <li class="quick-login">
----------------------------------------------------------------------


---------- Date: 2016-03-31 11:35:07 ~ IP : 192.168.1.36 ----------
REQUEST URI : /ytc_templates/opencart/so_lovefashion/layout2/
MOD DETAILS:
   modFile   : D:\xampp\htdocs\ytc_templates\opencart\so_lovefashion\vqmod/xml/quicksignup.xml
   id        : 
   version   : 2x
   vqmver    : 
   author    : Webmedialdh

File Name    : catalog/view/theme/*/template/common/header.tpl(0)
VQModObject::applyMod - SEARCH NOT FOUND (ABORTING MOD): <li class="quick-login">
----------------------------------------------------------------------


---------- Date: 2016-03-31 11:49:05 ~ IP : 192.168.1.36 ----------
REQUEST URI : /ytc_templates/opencart/so_lovefashion/layout2/index.php?route=common/home
MOD DETAILS:
   modFile   : D:\xampp\htdocs\ytc_templates\opencart\so_lovefashion\vqmod/xml/quicksignup.xml
   id        : 
   version   : 2x
   vqmver    : 
   author    : Webmedialdh

File Name    : catalog/view/theme/*/template/common/header.tpl(0)
VQModObject::applyMod - SEARCH NOT FOUND (ABORTING MOD): <li class="quick-login">
----------------------------------------------------------------------


---------- Date: 2016-03-31 12:05:20 ~ IP : 192.168.1.49 ----------
REQUEST URI : /ytc_templates/opencart/so_lovefashion/layout2/
MOD DETAILS:
   modFile   : D:\xampp\htdocs\ytc_templates\opencart\so_lovefashion\vqmod/xml/quicksignup.xml
   id        : 
   version   : 2x
   vqmver    : 
   author    : Webmedialdh

File Name    : catalog/view/theme/*/template/common/header.tpl(0)
VQModObject::applyMod - SEARCH NOT FOUND (ABORTING MOD): <li class="quick-login">
----------------------------------------------------------------------


---------- Date: 2016-03-31 12:12:14 ~ IP : 192.168.1.49 ----------
REQUEST URI : /ytc_templates/opencart/so_lovefashion/layout2/index.php?route=common/home
MOD DETAILS:
   modFile   : D:\xampp\htdocs\ytc_templates\opencart\so_lovefashion\vqmod/xml/quicksignup.xml
   id        : 
   version   : 2x
   vqmver    : 
   author    : Webmedialdh

File Name    : catalog/view/theme/*/template/common/header.tpl(0)
VQModObject::applyMod - SEARCH NOT FOUND (ABORTING MOD): <li class="quick-login">
----------------------------------------------------------------------


