---------- Date: 2016-04-01 10:30:04 ~ IP : 192.168.1.49 ----------
REQUEST URI : /ytc_templates/opencart/so_lovefashion/layout2/
MOD DETAILS:
   modFile   : D:\xampp\htdocs\ytc_templates\opencart\so_lovefashion\vqmod/xml/quicksignup.xml
   id        : 
   version   : 2x
   vqmver    : 
   author    : Webmedialdh

File Name    : catalog/view/theme/*/template/common/header.tpl(0)
VQModObject::applyMod - SEARCH NOT FOUND (ABORTING MOD): <li class="quick-login">
----------------------------------------------------------------------


---------- Date: 2016-04-01 11:20:51 ~ IP : 192.168.1.49 ----------
REQUEST URI : /ytc_templates/opencart/so_lovefashion/layout2/index.php?route=common/home
MOD DETAILS:
   modFile   : D:\xampp\htdocs\ytc_templates\opencart\so_lovefashion\vqmod/xml/cookie_low.xml
   id        : EU Cookie Law - top, bottom, floating
   version   : 
   vqmver    : 2.X
   author    : arveo
VQModObject::parseMods - Could not resolve path for [catalog/language/hungarian/common/footer.php] (SKIPPED)
VQModObject::parseMods - Could not resolve path for [admin/language/hungarian/setting/setting.php] (SKIPPED)

MOD DETAILS:
   modFile   : D:\xampp\htdocs\ytc_templates\opencart\so_lovefashion\vqmod/xml/quicksignup.xml
   id        : 
   version   : 2x
   vqmver    : 
   author    : Webmedialdh

File Name    : catalog/view/theme/*/template/common/header.tpl(0)
VQModObject::applyMod - SEARCH NOT FOUND (ABORTING MOD): <li class="quick-login">
----------------------------------------------------------------------


