2015-12-28 9:51:39 - PHP Notice:  Undefined index: wishlist in D:\xampp\htdocs\ytc_templates\opencart\so_shoppystore\vqmod\vqcache\vq2-catalog_controller_common_header.php on line 76
2015-12-28 10:44:41 - PHP Notice:  Undefined variable: site_key in D:\xampp\htdocs\ytc_templates\opencart\so_shoppystore\catalog\view\theme\so-shoppystore\template\product\product.tpl on line 938
2015-12-29 3:45:00 - PHP Warning:  fopen(D:/xampp/htdocs/ytc_templates/opencart/so_shoppystore/system/cache/cache.store.1451360700): failed to open stream: No such file or directory in D:\xampp\htdocs\ytc_templates\opencart\so_shoppystore\system\library\cache\file.php on line 49
2015-12-29 3:45:00 - PHP Warning:  flock() expects parameter 1 to be resource, boolean given in D:\xampp\htdocs\ytc_templates\opencart\so_shoppystore\system\library\cache\file.php on line 51
2015-12-29 3:45:00 - PHP Warning:  fwrite() expects parameter 1 to be resource, boolean given in D:\xampp\htdocs\ytc_templates\opencart\so_shoppystore\system\library\cache\file.php on line 53
2015-12-29 3:45:00 - PHP Warning:  fflush() expects parameter 1 to be resource, boolean given in D:\xampp\htdocs\ytc_templates\opencart\so_shoppystore\system\library\cache\file.php on line 55
2015-12-29 3:45:00 - PHP Warning:  flock() expects parameter 1 to be resource, boolean given in D:\xampp\htdocs\ytc_templates\opencart\so_shoppystore\system\library\cache\file.php on line 57
2015-12-29 3:45:00 - PHP Warning:  fclose() expects parameter 1 to be resource, boolean given in D:\xampp\htdocs\ytc_templates\opencart\so_shoppystore\system\library\cache\file.php on line 59
2015-12-29 3:45:00 - PHP Warning:  fopen(D:/xampp/htdocs/ytc_templates/opencart/so_shoppystore/system/cache/cache.order_status.1.1451360700): failed to open stream: No such file or directory in D:\xampp\htdocs\ytc_templates\opencart\so_shoppystore\system\library\cache\file.php on line 49
2015-12-29 3:45:00 - PHP Warning:  flock() expects parameter 1 to be resource, boolean given in D:\xampp\htdocs\ytc_templates\opencart\so_shoppystore\system\library\cache\file.php on line 51
2015-12-29 3:45:00 - PHP Warning:  fwrite() expects parameter 1 to be resource, boolean given in D:\xampp\htdocs\ytc_templates\opencart\so_shoppystore\system\library\cache\file.php on line 53
2015-12-29 3:45:00 - PHP Warning:  fflush() expects parameter 1 to be resource, boolean given in D:\xampp\htdocs\ytc_templates\opencart\so_shoppystore\system\library\cache\file.php on line 55
2015-12-29 3:45:00 - PHP Warning:  flock() expects parameter 1 to be resource, boolean given in D:\xampp\htdocs\ytc_templates\opencart\so_shoppystore\system\library\cache\file.php on line 57
2015-12-29 3:45:00 - PHP Warning:  fclose() expects parameter 1 to be resource, boolean given in D:\xampp\htdocs\ytc_templates\opencart\so_shoppystore\system\library\cache\file.php on line 59
2015-12-29 3:46:37 - PHP Warning:  fopen(D:/xampp/htdocs/ytc_templates/opencart/so_shoppystore/system/cache/cache.store.1451360797): failed to open stream: No such file or directory in D:\xampp\htdocs\ytc_templates\opencart\so_shoppystore\system\library\cache\file.php on line 49
2015-12-29 3:46:37 - PHP Warning:  flock() expects parameter 1 to be resource, boolean given in D:\xampp\htdocs\ytc_templates\opencart\so_shoppystore\system\library\cache\file.php on line 51
2015-12-29 3:46:37 - PHP Warning:  fwrite() expects parameter 1 to be resource, boolean given in D:\xampp\htdocs\ytc_templates\opencart\so_shoppystore\system\library\cache\file.php on line 53
2015-12-29 3:46:37 - PHP Warning:  fflush() expects parameter 1 to be resource, boolean given in D:\xampp\htdocs\ytc_templates\opencart\so_shoppystore\system\library\cache\file.php on line 55
2015-12-29 3:46:37 - PHP Warning:  flock() expects parameter 1 to be resource, boolean given in D:\xampp\htdocs\ytc_templates\opencart\so_shoppystore\system\library\cache\file.php on line 57
2015-12-29 3:46:37 - PHP Warning:  fclose() expects parameter 1 to be resource, boolean given in D:\xampp\htdocs\ytc_templates\opencart\so_shoppystore\system\library\cache\file.php on line 59
2015-12-29 3:46:37 - PHP Warning:  fopen(D:/xampp/htdocs/ytc_templates/opencart/so_shoppystore/system/cache/cache.order_status.1.1451360797): failed to open stream: No such file or directory in D:\xampp\htdocs\ytc_templates\opencart\so_shoppystore\system\library\cache\file.php on line 49
2015-12-29 3:46:37 - PHP Warning:  flock() expects parameter 1 to be resource, boolean given in D:\xampp\htdocs\ytc_templates\opencart\so_shoppystore\system\library\cache\file.php on line 51
2015-12-29 3:46:37 - PHP Warning:  fwrite() expects parameter 1 to be resource, boolean given in D:\xampp\htdocs\ytc_templates\opencart\so_shoppystore\system\library\cache\file.php on line 53
2015-12-29 3:46:37 - PHP Warning:  fflush() expects parameter 1 to be resource, boolean given in D:\xampp\htdocs\ytc_templates\opencart\so_shoppystore\system\library\cache\file.php on line 55
2015-12-29 3:46:37 - PHP Warning:  flock() expects parameter 1 to be resource, boolean given in D:\xampp\htdocs\ytc_templates\opencart\so_shoppystore\system\library\cache\file.php on line 57
2015-12-29 3:46:37 - PHP Warning:  fclose() expects parameter 1 to be resource, boolean given in D:\xampp\htdocs\ytc_templates\opencart\so_shoppystore\system\library\cache\file.php on line 59
2015-12-29 3:47:24 - PHP Warning:  fopen(D:/xampp/htdocs/ytc_templates/opencart/so_shoppystore/system/cache/cache.store.1451360844): failed to open stream: No such file or directory in D:\xampp\htdocs\ytc_templates\opencart\so_shoppystore\system\library\cache\file.php on line 49
2015-12-29 3:47:24 - PHP Warning:  flock() expects parameter 1 to be resource, boolean given in D:\xampp\htdocs\ytc_templates\opencart\so_shoppystore\system\library\cache\file.php on line 51
2015-12-29 3:47:24 - PHP Warning:  fwrite() expects parameter 1 to be resource, boolean given in D:\xampp\htdocs\ytc_templates\opencart\so_shoppystore\system\library\cache\file.php on line 53
2015-12-29 3:47:24 - PHP Warning:  fflush() expects parameter 1 to be resource, boolean given in D:\xampp\htdocs\ytc_templates\opencart\so_shoppystore\system\library\cache\file.php on line 55
2015-12-29 3:47:24 - PHP Warning:  flock() expects parameter 1 to be resource, boolean given in D:\xampp\htdocs\ytc_templates\opencart\so_shoppystore\system\library\cache\file.php on line 57
2015-12-29 3:47:24 - PHP Warning:  fclose() expects parameter 1 to be resource, boolean given in D:\xampp\htdocs\ytc_templates\opencart\so_shoppystore\system\library\cache\file.php on line 59
2015-12-29 3:47:24 - PHP Warning:  fopen(D:/xampp/htdocs/ytc_templates/opencart/so_shoppystore/system/cache/cache.order_status.1.1451360844): failed to open stream: No such file or directory in D:\xampp\htdocs\ytc_templates\opencart\so_shoppystore\system\library\cache\file.php on line 49
2015-12-29 3:47:24 - PHP Warning:  flock() expects parameter 1 to be resource, boolean given in D:\xampp\htdocs\ytc_templates\opencart\so_shoppystore\system\library\cache\file.php on line 51
2015-12-29 3:47:24 - PHP Warning:  fwrite() expects parameter 1 to be resource, boolean given in D:\xampp\htdocs\ytc_templates\opencart\so_shoppystore\system\library\cache\file.php on line 53
2015-12-29 3:47:24 - PHP Warning:  fflush() expects parameter 1 to be resource, boolean given in D:\xampp\htdocs\ytc_templates\opencart\so_shoppystore\system\library\cache\file.php on line 55
2015-12-29 3:47:24 - PHP Warning:  flock() expects parameter 1 to be resource, boolean given in D:\xampp\htdocs\ytc_templates\opencart\so_shoppystore\system\library\cache\file.php on line 57
2015-12-29 3:47:24 - PHP Warning:  fclose() expects parameter 1 to be resource, boolean given in D:\xampp\htdocs\ytc_templates\opencart\so_shoppystore\system\library\cache\file.php on line 59
2015-12-29 3:48:40 - PHP Warning:  fopen(D:/xampp/htdocs/ytc_templates/opencart/so_shoppystore/system/cache/cache.store.1451360920): failed to open stream: No such file or directory in D:\xampp\htdocs\ytc_templates\opencart\so_shoppystore\system\library\cache\file.php on line 49
2015-12-29 3:48:40 - PHP Warning:  flock() expects parameter 1 to be resource, boolean given in D:\xampp\htdocs\ytc_templates\opencart\so_shoppystore\system\library\cache\file.php on line 51
2015-12-29 3:48:40 - PHP Warning:  fwrite() expects parameter 1 to be resource, boolean given in D:\xampp\htdocs\ytc_templates\opencart\so_shoppystore\system\library\cache\file.php on line 53
2015-12-29 3:48:40 - PHP Warning:  fflush() expects parameter 1 to be resource, boolean given in D:\xampp\htdocs\ytc_templates\opencart\so_shoppystore\system\library\cache\file.php on line 55
2015-12-29 3:48:40 - PHP Warning:  flock() expects parameter 1 to be resource, boolean given in D:\xampp\htdocs\ytc_templates\opencart\so_shoppystore\system\library\cache\file.php on line 57
2015-12-29 3:48:40 - PHP Warning:  fclose() expects parameter 1 to be resource, boolean given in D:\xampp\htdocs\ytc_templates\opencart\so_shoppystore\system\library\cache\file.php on line 59
2015-12-29 3:48:40 - PHP Warning:  fopen(D:/xampp/htdocs/ytc_templates/opencart/so_shoppystore/system/cache/cache.order_status.1.1451360920): failed to open stream: No such file or directory in D:\xampp\htdocs\ytc_templates\opencart\so_shoppystore\system\library\cache\file.php on line 49
2015-12-29 3:48:40 - PHP Warning:  flock() expects parameter 1 to be resource, boolean given in D:\xampp\htdocs\ytc_templates\opencart\so_shoppystore\system\library\cache\file.php on line 51
2015-12-29 3:48:40 - PHP Warning:  fwrite() expects parameter 1 to be resource, boolean given in D:\xampp\htdocs\ytc_templates\opencart\so_shoppystore\system\library\cache\file.php on line 53
2015-12-29 3:48:40 - PHP Warning:  fflush() expects parameter 1 to be resource, boolean given in D:\xampp\htdocs\ytc_templates\opencart\so_shoppystore\system\library\cache\file.php on line 55
2015-12-29 3:48:40 - PHP Warning:  flock() expects parameter 1 to be resource, boolean given in D:\xampp\htdocs\ytc_templates\opencart\so_shoppystore\system\library\cache\file.php on line 57
2015-12-29 3:48:40 - PHP Warning:  fclose() expects parameter 1 to be resource, boolean given in D:\xampp\htdocs\ytc_templates\opencart\so_shoppystore\system\library\cache\file.php on line 59
2015-12-29 3:48:45 - PHP Warning:  fopen(D:/xampp/htdocs/ytc_templates/opencart/so_shoppystore/system/cache/cache.store.1451360925): failed to open stream: No such file or directory in D:\xampp\htdocs\ytc_templates\opencart\so_shoppystore\system\library\cache\file.php on line 49
2015-12-29 3:48:45 - PHP Warning:  flock() expects parameter 1 to be resource, boolean given in D:\xampp\htdocs\ytc_templates\opencart\so_shoppystore\system\library\cache\file.php on line 51
2015-12-29 3:48:45 - PHP Warning:  fwrite() expects parameter 1 to be resource, boolean given in D:\xampp\htdocs\ytc_templates\opencart\so_shoppystore\system\library\cache\file.php on line 53
2015-12-29 3:48:45 - PHP Warning:  fflush() expects parameter 1 to be resource, boolean given in D:\xampp\htdocs\ytc_templates\opencart\so_shoppystore\system\library\cache\file.php on line 55
2015-12-29 3:48:45 - PHP Warning:  flock() expects parameter 1 to be resource, boolean given in D:\xampp\htdocs\ytc_templates\opencart\so_shoppystore\system\library\cache\file.php on line 57
2015-12-29 3:48:45 - PHP Warning:  fclose() expects parameter 1 to be resource, boolean given in D:\xampp\htdocs\ytc_templates\opencart\so_shoppystore\system\library\cache\file.php on line 59
2015-12-29 3:48:45 - PHP Warning:  fopen(D:/xampp/htdocs/ytc_templates/opencart/so_shoppystore/system/cache/cache.order_status.1.1451360925): failed to open stream: No such file or directory in D:\xampp\htdocs\ytc_templates\opencart\so_shoppystore\system\library\cache\file.php on line 49
2015-12-29 3:48:45 - PHP Warning:  flock() expects parameter 1 to be resource, boolean given in D:\xampp\htdocs\ytc_templates\opencart\so_shoppystore\system\library\cache\file.php on line 51
2015-12-29 3:48:45 - PHP Warning:  fwrite() expects parameter 1 to be resource, boolean given in D:\xampp\htdocs\ytc_templates\opencart\so_shoppystore\system\library\cache\file.php on line 53
2015-12-29 3:48:45 - PHP Warning:  fflush() expects parameter 1 to be resource, boolean given in D:\xampp\htdocs\ytc_templates\opencart\so_shoppystore\system\library\cache\file.php on line 55
2015-12-29 3:48:45 - PHP Warning:  flock() expects parameter 1 to be resource, boolean given in D:\xampp\htdocs\ytc_templates\opencart\so_shoppystore\system\library\cache\file.php on line 57
2015-12-29 3:48:45 - PHP Warning:  fclose() expects parameter 1 to be resource, boolean given in D:\xampp\htdocs\ytc_templates\opencart\so_shoppystore\system\library\cache\file.php on line 59
2015-12-29 3:48:50 - PHP Warning:  fopen(D:/xampp/htdocs/ytc_templates/opencart/so_shoppystore/system/cache/cache.store.1451360930): failed to open stream: No such file or directory in D:\xampp\htdocs\ytc_templates\opencart\so_shoppystore\system\library\cache\file.php on line 49
2015-12-29 3:48:50 - PHP Warning:  flock() expects parameter 1 to be resource, boolean given in D:\xampp\htdocs\ytc_templates\opencart\so_shoppystore\system\library\cache\file.php on line 51
2015-12-29 3:48:50 - PHP Warning:  fwrite() expects parameter 1 to be resource, boolean given in D:\xampp\htdocs\ytc_templates\opencart\so_shoppystore\system\library\cache\file.php on line 53
2015-12-29 3:48:50 - PHP Warning:  fflush() expects parameter 1 to be resource, boolean given in D:\xampp\htdocs\ytc_templates\opencart\so_shoppystore\system\library\cache\file.php on line 55
2015-12-29 3:48:50 - PHP Warning:  flock() expects parameter 1 to be resource, boolean given in D:\xampp\htdocs\ytc_templates\opencart\so_shoppystore\system\library\cache\file.php on line 57
2015-12-29 3:48:50 - PHP Warning:  fclose() expects parameter 1 to be resource, boolean given in D:\xampp\htdocs\ytc_templates\opencart\so_shoppystore\system\library\cache\file.php on line 59
2015-12-29 3:48:50 - PHP Warning:  fopen(D:/xampp/htdocs/ytc_templates/opencart/so_shoppystore/system/cache/cache.order_status.1.1451360930): failed to open stream: No such file or directory in D:\xampp\htdocs\ytc_templates\opencart\so_shoppystore\system\library\cache\file.php on line 49
2015-12-29 3:48:50 - PHP Warning:  flock() expects parameter 1 to be resource, boolean given in D:\xampp\htdocs\ytc_templates\opencart\so_shoppystore\system\library\cache\file.php on line 51
2015-12-29 3:48:50 - PHP Warning:  fwrite() expects parameter 1 to be resource, boolean given in D:\xampp\htdocs\ytc_templates\opencart\so_shoppystore\system\library\cache\file.php on line 53
2015-12-29 3:48:50 - PHP Warning:  fflush() expects parameter 1 to be resource, boolean given in D:\xampp\htdocs\ytc_templates\opencart\so_shoppystore\system\library\cache\file.php on line 55
2015-12-29 3:48:50 - PHP Warning:  flock() expects parameter 1 to be resource, boolean given in D:\xampp\htdocs\ytc_templates\opencart\so_shoppystore\system\library\cache\file.php on line 57
2015-12-29 3:48:50 - PHP Warning:  fclose() expects parameter 1 to be resource, boolean given in D:\xampp\htdocs\ytc_templates\opencart\so_shoppystore\system\library\cache\file.php on line 59
2015-12-29 3:48:53 - PHP Warning:  fopen(D:/xampp/htdocs/ytc_templates/opencart/so_shoppystore/system/cache/cache.store.1451360933): failed to open stream: No such file or directory in D:\xampp\htdocs\ytc_templates\opencart\so_shoppystore\system\library\cache\file.php on line 49
2015-12-29 3:48:53 - PHP Warning:  flock() expects parameter 1 to be resource, boolean given in D:\xampp\htdocs\ytc_templates\opencart\so_shoppystore\system\library\cache\file.php on line 51
2015-12-29 3:48:53 - PHP Warning:  fwrite() expects parameter 1 to be resource, boolean given in D:\xampp\htdocs\ytc_templates\opencart\so_shoppystore\system\library\cache\file.php on line 53
2015-12-29 3:48:53 - PHP Warning:  fflush() expects parameter 1 to be resource, boolean given in D:\xampp\htdocs\ytc_templates\opencart\so_shoppystore\system\library\cache\file.php on line 55
2015-12-29 3:48:53 - PHP Warning:  flock() expects parameter 1 to be resource, boolean given in D:\xampp\htdocs\ytc_templates\opencart\so_shoppystore\system\library\cache\file.php on line 57
2015-12-29 3:48:53 - PHP Warning:  fclose() expects parameter 1 to be resource, boolean given in D:\xampp\htdocs\ytc_templates\opencart\so_shoppystore\system\library\cache\file.php on line 59
2015-12-29 3:48:53 - PHP Warning:  fopen(D:/xampp/htdocs/ytc_templates/opencart/so_shoppystore/system/cache/cache.order_status.1.1451360933): failed to open stream: No such file or directory in D:\xampp\htdocs\ytc_templates\opencart\so_shoppystore\system\library\cache\file.php on line 49
2015-12-29 3:48:53 - PHP Warning:  flock() expects parameter 1 to be resource, boolean given in D:\xampp\htdocs\ytc_templates\opencart\so_shoppystore\system\library\cache\file.php on line 51
2015-12-29 3:48:53 - PHP Warning:  fwrite() expects parameter 1 to be resource, boolean given in D:\xampp\htdocs\ytc_templates\opencart\so_shoppystore\system\library\cache\file.php on line 53
2015-12-29 3:48:53 - PHP Warning:  fflush() expects parameter 1 to be resource, boolean given in D:\xampp\htdocs\ytc_templates\opencart\so_shoppystore\system\library\cache\file.php on line 55
2015-12-29 3:48:53 - PHP Warning:  flock() expects parameter 1 to be resource, boolean given in D:\xampp\htdocs\ytc_templates\opencart\so_shoppystore\system\library\cache\file.php on line 57
2015-12-29 3:48:53 - PHP Warning:  fclose() expects parameter 1 to be resource, boolean given in D:\xampp\htdocs\ytc_templates\opencart\so_shoppystore\system\library\cache\file.php on line 59
2015-12-29 3:49:03 - PHP Warning:  fopen(D:/xampp/htdocs/ytc_templates/opencart/so_shoppystore/system/cache/cache.store.1451360943): failed to open stream: No such file or directory in D:\xampp\htdocs\ytc_templates\opencart\so_shoppystore\system\library\cache\file.php on line 49
2015-12-29 3:49:03 - PHP Warning:  flock() expects parameter 1 to be resource, boolean given in D:\xampp\htdocs\ytc_templates\opencart\so_shoppystore\system\library\cache\file.php on line 51
2015-12-29 3:49:03 - PHP Warning:  fwrite() expects parameter 1 to be resource, boolean given in D:\xampp\htdocs\ytc_templates\opencart\so_shoppystore\system\library\cache\file.php on line 53
2015-12-29 3:49:03 - PHP Warning:  fflush() expects parameter 1 to be resource, boolean given in D:\xampp\htdocs\ytc_templates\opencart\so_shoppystore\system\library\cache\file.php on line 55
2015-12-29 3:49:03 - PHP Warning:  flock() expects parameter 1 to be resource, boolean given in D:\xampp\htdocs\ytc_templates\opencart\so_shoppystore\system\library\cache\file.php on line 57
2015-12-29 3:49:03 - PHP Warning:  fclose() expects parameter 1 to be resource, boolean given in D:\xampp\htdocs\ytc_templates\opencart\so_shoppystore\system\library\cache\file.php on line 59
2015-12-29 3:49:04 - PHP Warning:  fopen(D:/xampp/htdocs/ytc_templates/opencart/so_shoppystore/system/cache/cache.order_status.1.1451360944): failed to open stream: No such file or directory in D:\xampp\htdocs\ytc_templates\opencart\so_shoppystore\system\library\cache\file.php on line 49
2015-12-29 3:49:04 - PHP Warning:  flock() expects parameter 1 to be resource, boolean given in D:\xampp\htdocs\ytc_templates\opencart\so_shoppystore\system\library\cache\file.php on line 51
2015-12-29 3:49:04 - PHP Warning:  fwrite() expects parameter 1 to be resource, boolean given in D:\xampp\htdocs\ytc_templates\opencart\so_shoppystore\system\library\cache\file.php on line 53
2015-12-29 3:49:04 - PHP Warning:  fflush() expects parameter 1 to be resource, boolean given in D:\xampp\htdocs\ytc_templates\opencart\so_shoppystore\system\library\cache\file.php on line 55
2015-12-29 3:49:04 - PHP Warning:  flock() expects parameter 1 to be resource, boolean given in D:\xampp\htdocs\ytc_templates\opencart\so_shoppystore\system\library\cache\file.php on line 57
2015-12-29 3:49:04 - PHP Warning:  fclose() expects parameter 1 to be resource, boolean given in D:\xampp\htdocs\ytc_templates\opencart\so_shoppystore\system\library\cache\file.php on line 59
2015-12-29 3:51:18 - PHP Warning:  fopen(D:/xampp/htdocs/ytc_templates/opencart/so_shoppystore/system/cache/cache.store.1451361078): failed to open stream: No such file or directory in D:\xampp\htdocs\ytc_templates\opencart\so_shoppystore\system\library\cache\file.php on line 49
2015-12-29 3:51:18 - PHP Warning:  flock() expects parameter 1 to be resource, boolean given in D:\xampp\htdocs\ytc_templates\opencart\so_shoppystore\system\library\cache\file.php on line 51
2015-12-29 3:51:18 - PHP Warning:  fwrite() expects parameter 1 to be resource, boolean given in D:\xampp\htdocs\ytc_templates\opencart\so_shoppystore\system\library\cache\file.php on line 53
2015-12-29 3:51:18 - PHP Warning:  fflush() expects parameter 1 to be resource, boolean given in D:\xampp\htdocs\ytc_templates\opencart\so_shoppystore\system\library\cache\file.php on line 55
2015-12-29 3:51:18 - PHP Warning:  flock() expects parameter 1 to be resource, boolean given in D:\xampp\htdocs\ytc_templates\opencart\so_shoppystore\system\library\cache\file.php on line 57
2015-12-29 3:51:18 - PHP Warning:  fclose() expects parameter 1 to be resource, boolean given in D:\xampp\htdocs\ytc_templates\opencart\so_shoppystore\system\library\cache\file.php on line 59
2015-12-29 3:51:19 - PHP Warning:  fopen(D:/xampp/htdocs/ytc_templates/opencart/so_shoppystore/system/cache/cache.order_status.1.1451361079): failed to open stream: No such file or directory in D:\xampp\htdocs\ytc_templates\opencart\so_shoppystore\system\library\cache\file.php on line 49
2015-12-29 3:51:19 - PHP Warning:  flock() expects parameter 1 to be resource, boolean given in D:\xampp\htdocs\ytc_templates\opencart\so_shoppystore\system\library\cache\file.php on line 51
2015-12-29 3:51:19 - PHP Warning:  fwrite() expects parameter 1 to be resource, boolean given in D:\xampp\htdocs\ytc_templates\opencart\so_shoppystore\system\library\cache\file.php on line 53
2015-12-29 3:51:19 - PHP Warning:  fflush() expects parameter 1 to be resource, boolean given in D:\xampp\htdocs\ytc_templates\opencart\so_shoppystore\system\library\cache\file.php on line 55
2015-12-29 3:51:19 - PHP Warning:  flock() expects parameter 1 to be resource, boolean given in D:\xampp\htdocs\ytc_templates\opencart\so_shoppystore\system\library\cache\file.php on line 57
2015-12-29 3:51:19 - PHP Warning:  fclose() expects parameter 1 to be resource, boolean given in D:\xampp\htdocs\ytc_templates\opencart\so_shoppystore\system\library\cache\file.php on line 59
2015-12-29 3:51:47 - PHP Warning:  fopen(D:/xampp/htdocs/ytc_templates/opencart/so_shoppystore/system/cache/cache.store.1451361107): failed to open stream: No such file or directory in D:\xampp\htdocs\ytc_templates\opencart\so_shoppystore\system\library\cache\file.php on line 49
2015-12-29 3:51:47 - PHP Warning:  flock() expects parameter 1 to be resource, boolean given in D:\xampp\htdocs\ytc_templates\opencart\so_shoppystore\system\library\cache\file.php on line 51
2015-12-29 3:51:47 - PHP Warning:  fwrite() expects parameter 1 to be resource, boolean given in D:\xampp\htdocs\ytc_templates\opencart\so_shoppystore\system\library\cache\file.php on line 53
2015-12-29 3:51:47 - PHP Warning:  fflush() expects parameter 1 to be resource, boolean given in D:\xampp\htdocs\ytc_templates\opencart\so_shoppystore\system\library\cache\file.php on line 55
2015-12-29 3:51:47 - PHP Warning:  flock() expects parameter 1 to be resource, boolean given in D:\xampp\htdocs\ytc_templates\opencart\so_shoppystore\system\library\cache\file.php on line 57
2015-12-29 3:51:47 - PHP Warning:  fclose() expects parameter 1 to be resource, boolean given in D:\xampp\htdocs\ytc_templates\opencart\so_shoppystore\system\library\cache\file.php on line 59
2015-12-29 3:51:47 - PHP Warning:  fopen(D:/xampp/htdocs/ytc_templates/opencart/so_shoppystore/system/cache/cache.order_status.1.1451361107): failed to open stream: No such file or directory in D:\xampp\htdocs\ytc_templates\opencart\so_shoppystore\system\library\cache\file.php on line 49
2015-12-29 3:51:47 - PHP Warning:  flock() expects parameter 1 to be resource, boolean given in D:\xampp\htdocs\ytc_templates\opencart\so_shoppystore\system\library\cache\file.php on line 51
2015-12-29 3:51:47 - PHP Warning:  fwrite() expects parameter 1 to be resource, boolean given in D:\xampp\htdocs\ytc_templates\opencart\so_shoppystore\system\library\cache\file.php on line 53
2015-12-29 3:51:47 - PHP Warning:  fflush() expects parameter 1 to be resource, boolean given in D:\xampp\htdocs\ytc_templates\opencart\so_shoppystore\system\library\cache\file.php on line 55
2015-12-29 3:51:47 - PHP Warning:  flock() expects parameter 1 to be resource, boolean given in D:\xampp\htdocs\ytc_templates\opencart\so_shoppystore\system\library\cache\file.php on line 57
2015-12-29 3:51:47 - PHP Warning:  fclose() expects parameter 1 to be resource, boolean given in D:\xampp\htdocs\ytc_templates\opencart\so_shoppystore\system\library\cache\file.php on line 59
2015-12-29 4:01:47 - PHP Warning:  fopen(D:/xampp/htdocs/ytc_templates/opencart/so_shoppystore/system/cache/cache.store.1451361707): failed to open stream: No such file or directory in D:\xampp\htdocs\ytc_templates\opencart\so_shoppystore\system\library\cache\file.php on line 49
2015-12-29 4:01:47 - PHP Warning:  flock() expects parameter 1 to be resource, boolean given in D:\xampp\htdocs\ytc_templates\opencart\so_shoppystore\system\library\cache\file.php on line 51
2015-12-29 4:01:47 - PHP Warning:  fwrite() expects parameter 1 to be resource, boolean given in D:\xampp\htdocs\ytc_templates\opencart\so_shoppystore\system\library\cache\file.php on line 53
2015-12-29 4:01:47 - PHP Warning:  fflush() expects parameter 1 to be resource, boolean given in D:\xampp\htdocs\ytc_templates\opencart\so_shoppystore\system\library\cache\file.php on line 55
2015-12-29 4:01:47 - PHP Warning:  flock() expects parameter 1 to be resource, boolean given in D:\xampp\htdocs\ytc_templates\opencart\so_shoppystore\system\library\cache\file.php on line 57
2015-12-29 4:01:47 - PHP Warning:  fclose() expects parameter 1 to be resource, boolean given in D:\xampp\htdocs\ytc_templates\opencart\so_shoppystore\system\library\cache\file.php on line 59
2015-12-29 4:01:47 - PHP Warning:  fopen(D:/xampp/htdocs/ytc_templates/opencart/so_shoppystore/system/cache/cache.order_status.1.1451361707): failed to open stream: No such file or directory in D:\xampp\htdocs\ytc_templates\opencart\so_shoppystore\system\library\cache\file.php on line 49
2015-12-29 4:01:47 - PHP Warning:  flock() expects parameter 1 to be resource, boolean given in D:\xampp\htdocs\ytc_templates\opencart\so_shoppystore\system\library\cache\file.php on line 51
2015-12-29 4:01:47 - PHP Warning:  fwrite() expects parameter 1 to be resource, boolean given in D:\xampp\htdocs\ytc_templates\opencart\so_shoppystore\system\library\cache\file.php on line 53
2015-12-29 4:01:47 - PHP Warning:  fflush() expects parameter 1 to be resource, boolean given in D:\xampp\htdocs\ytc_templates\opencart\so_shoppystore\system\library\cache\file.php on line 55
2015-12-29 4:01:47 - PHP Warning:  flock() expects parameter 1 to be resource, boolean given in D:\xampp\htdocs\ytc_templates\opencart\so_shoppystore\system\library\cache\file.php on line 57
2015-12-29 4:01:47 - PHP Warning:  fclose() expects parameter 1 to be resource, boolean given in D:\xampp\htdocs\ytc_templates\opencart\so_shoppystore\system\library\cache\file.php on line 59
2015-12-29 4:02:29 - PHP Warning:  fopen(D:/xampp/htdocs/ytc_templates/opencart/so_shoppystore/system/cache/cache.store.1451361749): failed to open stream: No such file or directory in D:\xampp\htdocs\ytc_templates\opencart\so_shoppystore\system\library\cache\file.php on line 49
2015-12-29 4:02:29 - PHP Warning:  flock() expects parameter 1 to be resource, boolean given in D:\xampp\htdocs\ytc_templates\opencart\so_shoppystore\system\library\cache\file.php on line 51
2015-12-29 4:02:29 - PHP Warning:  fwrite() expects parameter 1 to be resource, boolean given in D:\xampp\htdocs\ytc_templates\opencart\so_shoppystore\system\library\cache\file.php on line 53
2015-12-29 4:02:29 - PHP Warning:  fflush() expects parameter 1 to be resource, boolean given in D:\xampp\htdocs\ytc_templates\opencart\so_shoppystore\system\library\cache\file.php on line 55
2015-12-29 4:02:29 - PHP Warning:  flock() expects parameter 1 to be resource, boolean given in D:\xampp\htdocs\ytc_templates\opencart\so_shoppystore\system\library\cache\file.php on line 57
2015-12-29 4:02:29 - PHP Warning:  fclose() expects parameter 1 to be resource, boolean given in D:\xampp\htdocs\ytc_templates\opencart\so_shoppystore\system\library\cache\file.php on line 59
2015-12-29 4:02:30 - PHP Warning:  fopen(D:/xampp/htdocs/ytc_templates/opencart/so_shoppystore/system/cache/cache.order_status.1.1451361750): failed to open stream: No such file or directory in D:\xampp\htdocs\ytc_templates\opencart\so_shoppystore\system\library\cache\file.php on line 49
2015-12-29 4:02:30 - PHP Warning:  flock() expects parameter 1 to be resource, boolean given in D:\xampp\htdocs\ytc_templates\opencart\so_shoppystore\system\library\cache\file.php on line 51
2015-12-29 4:02:30 - PHP Warning:  fwrite() expects parameter 1 to be resource, boolean given in D:\xampp\htdocs\ytc_templates\opencart\so_shoppystore\system\library\cache\file.php on line 53
2015-12-29 4:02:30 - PHP Warning:  fflush() expects parameter 1 to be resource, boolean given in D:\xampp\htdocs\ytc_templates\opencart\so_shoppystore\system\library\cache\file.php on line 55
2015-12-29 4:02:30 - PHP Warning:  flock() expects parameter 1 to be resource, boolean given in D:\xampp\htdocs\ytc_templates\opencart\so_shoppystore\system\library\cache\file.php on line 57
2015-12-29 4:02:30 - PHP Warning:  fclose() expects parameter 1 to be resource, boolean given in D:\xampp\htdocs\ytc_templates\opencart\so_shoppystore\system\library\cache\file.php on line 59
2015-12-29 4:25:55 - PHP Warning:  fopen(D:/xampp/htdocs/ytc_templates/opencart/so_shoppystore/system/cache/cache.store.1451363155): failed to open stream: No such file or directory in D:\xampp\htdocs\ytc_templates\opencart\so_shoppystore\system\library\cache\file.php on line 49
2015-12-29 4:25:55 - PHP Warning:  flock() expects parameter 1 to be resource, boolean given in D:\xampp\htdocs\ytc_templates\opencart\so_shoppystore\system\library\cache\file.php on line 51
2015-12-29 4:25:55 - PHP Warning:  fwrite() expects parameter 1 to be resource, boolean given in D:\xampp\htdocs\ytc_templates\opencart\so_shoppystore\system\library\cache\file.php on line 53
2015-12-29 4:25:55 - PHP Warning:  fflush() expects parameter 1 to be resource, boolean given in D:\xampp\htdocs\ytc_templates\opencart\so_shoppystore\system\library\cache\file.php on line 55
2015-12-29 4:25:55 - PHP Warning:  flock() expects parameter 1 to be resource, boolean given in D:\xampp\htdocs\ytc_templates\opencart\so_shoppystore\system\library\cache\file.php on line 57
2015-12-29 4:25:55 - PHP Warning:  fclose() expects parameter 1 to be resource, boolean given in D:\xampp\htdocs\ytc_templates\opencart\so_shoppystore\system\library\cache\file.php on line 59
2015-12-29 4:25:55 - PHP Warning:  fopen(D:/xampp/htdocs/ytc_templates/opencart/so_shoppystore/system/cache/cache.order_status.1.1451363155): failed to open stream: No such file or directory in D:\xampp\htdocs\ytc_templates\opencart\so_shoppystore\system\library\cache\file.php on line 49
2015-12-29 4:25:55 - PHP Warning:  flock() expects parameter 1 to be resource, boolean given in D:\xampp\htdocs\ytc_templates\opencart\so_shoppystore\system\library\cache\file.php on line 51
2015-12-29 4:25:55 - PHP Warning:  fwrite() expects parameter 1 to be resource, boolean given in D:\xampp\htdocs\ytc_templates\opencart\so_shoppystore\system\library\cache\file.php on line 53
2015-12-29 4:25:55 - PHP Warning:  fflush() expects parameter 1 to be resource, boolean given in D:\xampp\htdocs\ytc_templates\opencart\so_shoppystore\system\library\cache\file.php on line 55
2015-12-29 4:25:55 - PHP Warning:  flock() expects parameter 1 to be resource, boolean given in D:\xampp\htdocs\ytc_templates\opencart\so_shoppystore\system\library\cache\file.php on line 57
2015-12-29 4:25:55 - PHP Warning:  fclose() expects parameter 1 to be resource, boolean given in D:\xampp\htdocs\ytc_templates\opencart\so_shoppystore\system\library\cache\file.php on line 59
2015-12-29 4:26:16 - PHP Warning:  fopen(D:/xampp/htdocs/ytc_templates/opencart/so_shoppystore/system/cache/cache.store.1451363176): failed to open stream: No such file or directory in D:\xampp\htdocs\ytc_templates\opencart\so_shoppystore\system\library\cache\file.php on line 49
2015-12-29 4:26:16 - PHP Warning:  flock() expects parameter 1 to be resource, boolean given in D:\xampp\htdocs\ytc_templates\opencart\so_shoppystore\system\library\cache\file.php on line 51
2015-12-29 4:26:16 - PHP Warning:  fwrite() expects parameter 1 to be resource, boolean given in D:\xampp\htdocs\ytc_templates\opencart\so_shoppystore\system\library\cache\file.php on line 53
2015-12-29 4:26:16 - PHP Warning:  fflush() expects parameter 1 to be resource, boolean given in D:\xampp\htdocs\ytc_templates\opencart\so_shoppystore\system\library\cache\file.php on line 55
2015-12-29 4:26:16 - PHP Warning:  flock() expects parameter 1 to be resource, boolean given in D:\xampp\htdocs\ytc_templates\opencart\so_shoppystore\system\library\cache\file.php on line 57
2015-12-29 4:26:16 - PHP Warning:  fclose() expects parameter 1 to be resource, boolean given in D:\xampp\htdocs\ytc_templates\opencart\so_shoppystore\system\library\cache\file.php on line 59
2015-12-29 4:26:16 - PHP Warning:  fopen(D:/xampp/htdocs/ytc_templates/opencart/so_shoppystore/system/cache/cache.order_status.1.1451363176): failed to open stream: No such file or directory in D:\xampp\htdocs\ytc_templates\opencart\so_shoppystore\system\library\cache\file.php on line 49
2015-12-29 4:26:16 - PHP Warning:  flock() expects parameter 1 to be resource, boolean given in D:\xampp\htdocs\ytc_templates\opencart\so_shoppystore\system\library\cache\file.php on line 51
2015-12-29 4:26:16 - PHP Warning:  fwrite() expects parameter 1 to be resource, boolean given in D:\xampp\htdocs\ytc_templates\opencart\so_shoppystore\system\library\cache\file.php on line 53
2015-12-29 4:26:16 - PHP Warning:  fflush() expects parameter 1 to be resource, boolean given in D:\xampp\htdocs\ytc_templates\opencart\so_shoppystore\system\library\cache\file.php on line 55
2015-12-29 4:26:16 - PHP Warning:  flock() expects parameter 1 to be resource, boolean given in D:\xampp\htdocs\ytc_templates\opencart\so_shoppystore\system\library\cache\file.php on line 57
2015-12-29 4:26:16 - PHP Warning:  fclose() expects parameter 1 to be resource, boolean given in D:\xampp\htdocs\ytc_templates\opencart\so_shoppystore\system\library\cache\file.php on line 59
2015-12-29 4:26:30 - PHP Warning:  fopen(D:/xampp/htdocs/ytc_templates/opencart/so_shoppystore/system/cache/cache.store.1451363190): failed to open stream: No such file or directory in D:\xampp\htdocs\ytc_templates\opencart\so_shoppystore\system\library\cache\file.php on line 49
2015-12-29 4:26:30 - PHP Warning:  flock() expects parameter 1 to be resource, boolean given in D:\xampp\htdocs\ytc_templates\opencart\so_shoppystore\system\library\cache\file.php on line 51
2015-12-29 4:26:30 - PHP Warning:  fwrite() expects parameter 1 to be resource, boolean given in D:\xampp\htdocs\ytc_templates\opencart\so_shoppystore\system\library\cache\file.php on line 53
2015-12-29 4:26:30 - PHP Warning:  fflush() expects parameter 1 to be resource, boolean given in D:\xampp\htdocs\ytc_templates\opencart\so_shoppystore\system\library\cache\file.php on line 55
2015-12-29 4:26:30 - PHP Warning:  flock() expects parameter 1 to be resource, boolean given in D:\xampp\htdocs\ytc_templates\opencart\so_shoppystore\system\library\cache\file.php on line 57
2015-12-29 4:26:30 - PHP Warning:  fclose() expects parameter 1 to be resource, boolean given in D:\xampp\htdocs\ytc_templates\opencart\so_shoppystore\system\library\cache\file.php on line 59
2015-12-29 4:26:30 - PHP Warning:  fopen(D:/xampp/htdocs/ytc_templates/opencart/so_shoppystore/system/cache/cache.store.1451363190): failed to open stream: No such file or directory in D:\xampp\htdocs\ytc_templates\opencart\so_shoppystore\system\library\cache\file.php on line 49
2015-12-29 4:26:30 - PHP Warning:  flock() expects parameter 1 to be resource, boolean given in D:\xampp\htdocs\ytc_templates\opencart\so_shoppystore\system\library\cache\file.php on line 51
2015-12-29 4:26:30 - PHP Warning:  fwrite() expects parameter 1 to be resource, boolean given in D:\xampp\htdocs\ytc_templates\opencart\so_shoppystore\system\library\cache\file.php on line 53
2015-12-29 4:26:30 - PHP Warning:  fflush() expects parameter 1 to be resource, boolean given in D:\xampp\htdocs\ytc_templates\opencart\so_shoppystore\system\library\cache\file.php on line 55
2015-12-29 4:26:30 - PHP Warning:  flock() expects parameter 1 to be resource, boolean given in D:\xampp\htdocs\ytc_templates\opencart\so_shoppystore\system\library\cache\file.php on line 57
2015-12-29 4:26:30 - PHP Warning:  fclose() expects parameter 1 to be resource, boolean given in D:\xampp\htdocs\ytc_templates\opencart\so_shoppystore\system\library\cache\file.php on line 59
2015-12-29 4:26:31 - PHP Warning:  fopen(D:/xampp/htdocs/ytc_templates/opencart/so_shoppystore/system/cache/cache.order_status.1.1451363191): failed to open stream: No such file or directory in D:\xampp\htdocs\ytc_templates\opencart\so_shoppystore\system\library\cache\file.php on line 49
2015-12-29 4:26:31 - PHP Warning:  flock() expects parameter 1 to be resource, boolean given in D:\xampp\htdocs\ytc_templates\opencart\so_shoppystore\system\library\cache\file.php on line 51
2015-12-29 4:26:31 - PHP Warning:  fwrite() expects parameter 1 to be resource, boolean given in D:\xampp\htdocs\ytc_templates\opencart\so_shoppystore\system\library\cache\file.php on line 53
2015-12-29 4:26:31 - PHP Warning:  fflush() expects parameter 1 to be resource, boolean given in D:\xampp\htdocs\ytc_templates\opencart\so_shoppystore\system\library\cache\file.php on line 55
2015-12-29 4:26:31 - PHP Warning:  flock() expects parameter 1 to be resource, boolean given in D:\xampp\htdocs\ytc_templates\opencart\so_shoppystore\system\library\cache\file.php on line 57
2015-12-29 4:26:31 - PHP Warning:  fclose() expects parameter 1 to be resource, boolean given in D:\xampp\htdocs\ytc_templates\opencart\so_shoppystore\system\library\cache\file.php on line 59
2015-12-29 4:54:04 - PHP Warning:  imagecopyresampled() expects parameter 2 to be resource, null given in D:\xampp\htdocs\ytc_templates\opencart\so_shoppystore\system\library\image.php on line 118
2015-12-29 4:54:04 - PHP Warning:  imagedestroy() expects parameter 1 to be resource, null given in D:\xampp\htdocs\ytc_templates\opencart\so_shoppystore\system\library\image.php on line 119
2015-12-29 4:54:31 - PHP Warning:  imagecopyresampled() expects parameter 2 to be resource, null given in D:\xampp\htdocs\ytc_templates\opencart\so_shoppystore\system\library\image.php on line 118
2015-12-29 4:54:31 - PHP Warning:  imagedestroy() expects parameter 1 to be resource, null given in D:\xampp\htdocs\ytc_templates\opencart\so_shoppystore\system\library\image.php on line 119
2015-12-29 9:34:52 - PHP Warning:  imagecopyresampled() expects parameter 2 to be resource, null given in D:\xampp\htdocs\ytc_templates\opencart\so_shoppystore\system\library\image.php on line 118
2015-12-29 9:34:52 - PHP Warning:  imagedestroy() expects parameter 1 to be resource, null given in D:\xampp\htdocs\ytc_templates\opencart\so_shoppystore\system\library\image.php on line 119
